pdfBox/build/outputs/logs/manifest-merger-debug-report.txt
-- Merging decision tree log ---
manifest
ADDED from src/main/AndroidManifest.xml:2:1-10:12
INJECTED from src/main/AndroidManifest.xml:2:1-10:12
INJECTED from src/main/AndroidManifest.xml:2:1-10:12
INJECTED from src/main/AndroidManifest.xml:2:1-10:12
INJECTED from src/main/AndroidManifest.xml:2:1-10:12
INJECTED from src/main/AndroidManifest.xml:2:1-10:12
INJECTED from src/main/AndroidManifest.xml:2:1-10:12
	package
		ADDED from src/main/AndroidManifest.xml:3:2-32
		INJECTED from src/main/AndroidManifest.xml
		INJECTED from src/main/AndroidManifest.xml
	android:versionName
		ADDED from src/main/AndroidManifest.xml:5:2-27
		INJECTED from src/main/AndroidManifest.xml
		INJECTED from src/main/AndroidManifest.xml
	xmlns:android
		ADDED from src/main/AndroidManifest.xml:2:11-69
	android:versionCode
		ADDED from src/main/AndroidManifest.xml:4:2-25
		INJECTED from src/main/AndroidManifest.xml
		INJECTED from src/main/AndroidManifest.xml
uses-sdk
ADDED from src/main/AndroidManifest.xml:7:2-44
INJECTED from src/main/AndroidManifest.xml:7:2-44
INJECTED from src/main/AndroidManifest.xml:7:2-44
INJECTED from src/main/AndroidManifest.xml:7:2-44
INJECTED from src/main/AndroidManifest.xml:7:2-44
	android:targetSdkVersion
		ADDED from src/main/AndroidManifest.xml:7:12-41
		INJECTED from src/main/AndroidManifest.xml
		INJECTED from src/main/AndroidManifest.xml
	android:minSdkVersion
		INJECTED from src/main/AndroidManifest.xml
		ADDED from src/main/AndroidManifest.xml:7:2-44
		INJECTED from src/main/AndroidManifest.xml
uses-permission#android.permission.WRITE_EXTERNAL_STORAGE
ADDED from src/main/AndroidManifest.xml:9:2-78
	android:name
		ADDED from src/main/AndroidManifest.xml:9:19-75